#
# There is insufficient memory for the Java Runtime Environment to continue.
# Native memory allocation (mmap) failed to map 266338304 bytes for G1 virtual space
# Possible reasons:
#   The system is out of physical RAM or swap space
#   The process is running with CompressedOops enabled, and the Java Heap may be blocking the growth of the native heap
# Possible solutions:
#   Reduce memory load on the system
#   Increase physical memory or swap space
#   Check if swap backing store is full
#   Decrease Java heap size (-Xmx/-Xms)
#   Decrease number of Java threads
#   Decrease Java thread stack sizes (-Xss)
#   Set larger code cache with -XX:ReservedCodeCacheSize=
#   JVM is running with Zero Based Compressed Oops mode in which the Java heap is
#     placed in the first 32GB address space. The Java Heap base address is the
#     maximum limit for the native heap growth. Please use -XX:HeapBaseMinAddress
#     to set the Java Heap base and to place the Java Heap above 32GB virtual address.
# This output file may be truncated or incomplete.
#
#  Out of Memory Error (os_windows.cpp:3760), pid=24280, tid=2308
#
# JRE version:  (17.0.5+1) (build )
# Java VM: OpenJDK 64-Bit Server VM (17.0.5+1-b653.25, mixed mode, sharing, tiered, compressed oops, compressed class ptrs, g1 gc, windows-amd64)
# No core dump will be written. Minidumps are not enabled by default on client versions of Windows
#

---------------  S U M M A R Y ------------

Command Line: git4idea.http.GitAskPassApp Username for 'https://github.com': 

Host: Intel(R) Core(TM) i7-6820HQ CPU @ 2.70GHz, 8 cores, 15G,  Windows 10 , 64 bit Build 19041 (10.0.19041.2913)
Time: Fri May 26 05:00:38 2023  Windows 10 , 64 bit Build 19041 (10.0.19041.2913) elapsed time: 0.030996 seconds (0d 0h 0m 0s)

---------------  T H R E A D  ---------------

Current thread (0x000001e411cbc810):  JavaThread "Unknown thread" [_thread_in_vm, id=2308, stack(0x0000003315500000,0x0000003315600000)]

Stack: [0x0000003315500000,0x0000003315600000]
Native frames: (J=compiled Java code, j=interpreted, Vv=VM code, C=native code)
V  [jvm.dll+0x6830ca]
V  [jvm.dll+0x83f4c4]
V  [jvm.dll+0x840c6e]
V  [jvm.dll+0x8412d3]
V  [jvm.dll+0x2490b5]
V  [jvm.dll+0x67ff99]
V  [jvm.dll+0x6744aa]
V  [jvm.dll+0x308f2b]
V  [jvm.dll+0x3103e6]
V  [jvm.dll+0x36013e]
V  [jvm.dll+0x36036f]
V  [jvm.dll+0x2df018]
V  [jvm.dll+0x2dff84]
V  [jvm.dll+0x810d91]
V  [jvm.dll+0x36df31]
V  [jvm.dll+0x7f028c]
V  [jvm.dll+0x3f0cbf]
V  [jvm.dll+0x3f2801]
C  [jli.dll+0x526b]
C  [ucrtbase.dll+0x21bb2]
C  [KERNEL32.DLL+0x17614]
C  [ntdll.dll+0x526a1]


---------------  P R O C E S S  ---------------

Threads class SMR info:
_java_thread_list=0x00007ffde6ee8f98, length=0, elements={
}

Java Threads: ( => current thread )

Other Threads:
  0x000001e411d26500 GCTaskThread "GC Thread#0" [stack: 0x0000003315600000,0x0000003315700000] [id=33000]
  0x000001e411d372d0 ConcurrentGCThread "G1 Main Marker" [stack: 0x0000003315700000,0x0000003315800000] [id=42168]
  0x000001e411d38480 ConcurrentGCThread "G1 Conc#0" [stack: 0x0000003315800000,0x0000003315900000] [id=31068]

[error occurred during error reporting (printing all threads), id 0xc0000005, EXCEPTION_ACCESS_VIOLATION (0xc0000005) at pc=0x00007ffde669fbd7]

VM state: not at safepoint (not fully initialized)

VM Mutex/Monitor currently owned by a thread:  ([mutex/lock_event])
[0x000001e411cb9030] Heap_lock - owner thread: 0x000001e411cbc810

Heap address: 0x0000000702400000, size: 4060 MB, Compressed Oops mode: Zero based, Oop shift amount: 3

CDS archive(s) mapped at: [0x0000000000000000-0x0000000000000000-0x0000000000000000), size 0, SharedBaseAddress: 0x0000000800000000, ArchiveRelocationMode: 0.
Narrow klass base: 0x0000000000000000, Narrow klass shift: 0, Narrow klass range: 0x0

GC Precious Log:
<Empty>

Heap:
 garbage-first heap   total 0K, used 0K [0x0000000702400000, 0x0000000800000000)
  region size 2048K, 0 young (0K), 0 survivors (0K)

[error occurred during error reporting (printing heap information), id 0xc0000005, EXCEPTION_ACCESS_VIOLATION (0xc0000005) at pc=0x00007ffde6a8cd59]

GC Heap History (0 events):
No events

Dll operation events (1 events):
Event: 0.008 Loaded shared library F:\JetBrains Rider 2022.3.2\jbr\bin\java.dll

Deoptimization events (0 events):
No events

Classes unloaded (0 events):
No events

Classes redefined (0 events):
No events

Internal exceptions (0 events):
No events

VM Operations (0 events):
No events

Events (0 events):
No events


Dynamic libraries:
0x00007ff7504d0000 - 0x00007ff7504da000 	F:\JetBrains Rider 2022.3.2\jbr\bin\java.exe
0x00007ffea67f0000 - 0x00007ffea69e8000 	C:\Windows\SYSTEM32\ntdll.dll
0x00007ffe8e030000 - 0x00007ffe8e049000 	C:\Program Files\Avast Software\Avast\aswhook.dll
0x00007ffea5da0000 - 0x00007ffea5e5f000 	C:\Windows\System32\KERNEL32.DLL
0x00007ffea4520000 - 0x00007ffea4816000 	C:\Windows\System32\KERNELBASE.dll
0x00007ffea41c0000 - 0x00007ffea42c0000 	C:\Windows\System32\ucrtbase.dll
0x00007ffe67450000 - 0x00007ffe67467000 	F:\JetBrains Rider 2022.3.2\jbr\bin\jli.dll
0x00007ffe32e80000 - 0x00007ffe32e9b000 	F:\JetBrains Rider 2022.3.2\jbr\bin\VCRUNTIME140.dll
0x00007ffea6230000 - 0x00007ffea63cd000 	C:\Windows\System32\USER32.dll
0x00007ffea3f20000 - 0x00007ffea3f42000 	C:\Windows\System32\win32u.dll
0x00007ffe97b70000 - 0x00007ffe97e0a000 	C:\Windows\WinSxS\amd64_microsoft.windows.common-controls_6595b64144ccf1df_6.0.19041.1110_none_60b5254171f9507e\COMCTL32.dll
0x00007ffea6680000 - 0x00007ffea66ac000 	C:\Windows\System32\GDI32.dll
0x00007ffea5a80000 - 0x00007ffea5b1e000 	C:\Windows\System32\msvcrt.dll
0x00007ffea3f50000 - 0x00007ffea4065000 	C:\Windows\System32\gdi32full.dll
0x00007ffea4120000 - 0x00007ffea41bd000 	C:\Windows\System32\msvcp_win.dll
0x00007ffea6650000 - 0x00007ffea6680000 	C:\Windows\System32\IMM32.DLL
0x00007ffe77750000 - 0x00007ffe7775c000 	F:\JetBrains Rider 2022.3.2\jbr\bin\vcruntime140_1.dll
0x00007ffdd55c0000 - 0x00007ffdd564d000 	F:\JetBrains Rider 2022.3.2\jbr\bin\msvcp140.dll
0x00007ffde63b0000 - 0x00007ffde701b000 	F:\JetBrains Rider 2022.3.2\jbr\bin\server\jvm.dll
0x00007ffea4d20000 - 0x00007ffea4dcf000 	C:\Windows\System32\ADVAPI32.dll
0x00007ffea6510000 - 0x00007ffea65ac000 	C:\Windows\System32\sechost.dll
0x00007ffea5ba0000 - 0x00007ffea5cc6000 	C:\Windows\System32\RPCRT4.dll
0x00007ffe8c3c0000 - 0x00007ffe8c3c9000 	C:\Windows\SYSTEM32\WSOCK32.dll
0x00007ffe9e000000 - 0x00007ffe9e00a000 	C:\Windows\SYSTEM32\VERSION.dll
0x00007ffe8d2a0000 - 0x00007ffe8d2c7000 	C:\Windows\SYSTEM32\WINMM.dll
0x00007ffea61c0000 - 0x00007ffea622b000 	C:\Windows\System32\WS2_32.dll
0x00007ffea26e0000 - 0x00007ffea26f2000 	C:\Windows\SYSTEM32\kernel.appcore.dll
0x00007ffe9f900000 - 0x00007ffe9f90a000 	F:\JetBrains Rider 2022.3.2\jbr\bin\jimage.dll
0x00007ffe9b030000 - 0x00007ffe9b214000 	C:\Windows\SYSTEM32\DBGHELP.DLL
0x00007ffe9af40000 - 0x00007ffe9af74000 	C:\Windows\SYSTEM32\dbgcore.DLL
0x00007ffea4490000 - 0x00007ffea4512000 	C:\Windows\System32\bcryptPrimitives.dll
0x00007ffe94bf0000 - 0x00007ffe94c15000 	F:\JetBrains Rider 2022.3.2\jbr\bin\java.dll

dbghelp: loaded successfully - version: 4.0.5 - missing functions: none
symbol engine: initialized successfully - sym options: 0x614 - pdb path: .;F:\JetBrains Rider 2022.3.2\jbr\bin;C:\Windows\SYSTEM32;C:\Program Files\Avast Software\Avast;C:\Windows\WinSxS\amd64_microsoft.windows.common-controls_6595b64144ccf1df_6.0.19041.1110_none_60b5254171f9507e;F:\JetBrains Rider 2022.3.2\jbr\bin\server

VM Arguments:
java_command: git4idea.http.GitAskPassApp Username for 'https://github.com': 
java_class_path (initial): F:/JetBrains Rider 2022.3.2/plugins/vcs-git/lib/git4idea-rt.jar;F:/JetBrains Rider 2022.3.2/lib/externalProcess-rt.jar;F:/JetBrains Rider 2022.3.2/lib/app.jar;F:/JetBrains Rider 2022.3.2/lib/3rd-party-rt.jar
Launcher Type: SUN_STANDARD

[Global flags]
     intx CICompilerCount                          = 4                                         {product} {ergonomic}
     uint ConcGCThreads                            = 2                                         {product} {ergonomic}
     uint G1ConcRefinementThreads                  = 8                                         {product} {ergonomic}
   size_t G1HeapRegionSize                         = 2097152                                   {product} {ergonomic}
    uintx GCDrainStackTargetSize                   = 64                                        {product} {ergonomic}
   size_t InitialHeapSize                          = 266338304                                 {product} {ergonomic}
   size_t MarkStackSize                            = 4194304                                   {product} {ergonomic}
   size_t MaxHeapSize                              = 4257218560                                {product} {ergonomic}
   size_t MinHeapDeltaBytes                        = 2097152                                   {product} {ergonomic}
   size_t MinHeapSize                              = 8388608                                   {product} {ergonomic}
    uintx NonNMethodCodeHeapSize                   = 5839372                                {pd product} {ergonomic}
    uintx NonProfiledCodeHeapSize                  = 122909434                              {pd product} {ergonomic}
    uintx ProfiledCodeHeapSize                     = 122909434                              {pd product} {ergonomic}
    uintx ReservedCodeCacheSize                    = 251658240                              {pd product} {ergonomic}
     bool SegmentedCodeCache                       = true                                      {product} {ergonomic}
   size_t SoftMaxHeapSize                          = 4257218560                             {manageable} {ergonomic}
     bool UseCompressedClassPointers               = true                           {product lp64_product} {ergonomic}
     bool UseCompressedOops                        = true                           {product lp64_product} {ergonomic}
     bool UseG1GC                                  = true                                      {product} {ergonomic}
     bool UseLargePagesIndividualAllocation        = false                                  {pd product} {ergonomic}

Logging:
Log output configuration:
 #0: stdout all=warning uptime,level,tags
 #1: stderr all=off uptime,level,tags

Environment Variables:
PATH=C:\Program Files\Git\mingw64\libexec\git-core;C:\Program Files\Git\mingw64\libexec\git-core;C:\Program Files\Git\mingw64\bin;C:\Program Files\Git\usr\bin;C:\Users\Dimchik\bin;C:\app\Dimchik\product\21c\dbhomeXE\bin;C:\ProgramData\Oracle\Java\javapath;C:\Program Files\Eclipse Adoptium\jdk-17.0.1.12-hotspot\bin;C:\Program Files (x86)\Common Files\Oracle\Java\javapath;C:\Windows\system32;C:\Windows;C:\Windows\System32\Wbem;C:\Windows\System32\WindowsPowerShell\v1.0;C:\Windows\System32\OpenSSH;C:\Program Files\NVIDIA Corporation\NVIDIA NvDLISR;C:\Program Files\Microsoft SQL Server\130\Tools\Binn;C:\Aldec\Active-HDL 8.3\BIN;C:\Program Files\Microsoft SQL Server\150\Tools\Binn;C:\Program Files\Microsoft SQL Server\Client SDK\ODBC\170\Tools\Binn;C:\Program Files\dotnet;C:\Program Files\Git\cmd;C:\Program Files (x86)\Windows Kits\10\Windows Performance Toolkit;C:\SQLite;C:\Program Files (x86)\Microsoft SQL Server\160\DTS\Binn;C:\Program Files\Azure Data Studio\bin;C:\Program Files (x86)\Microsoft Visual Studio\Shared\Python39_64;C:\Program Files (x86)\Microsoft Visual Studio\Shared\Python39_64\Scripts;C:\Program Files\Docker\Docker\resources\bin;C:\Users\Dimchik\AppData\Local\Microsoft\WindowsApps;C:\Users\Dimchik\.dotnet\tools;C:\Users\Dimchik\.dotnet\tools;C:\Users\Dimchik\.dotnet\tools;C:\Users\Dimchik\AppData\Local\GitHubDesktop\bin
USERNAME=Dimchik
DISPLAY=:0.0
LC_ALL=en_US.UTF-8
TERM=xterm-256color
TMPDIR=C:\Users\Dimchik\AppData\Local\Temp
OS=Windows_NT
PROCESSOR_IDENTIFIER=Intel64 Family 6 Model 94 Stepping 3, GenuineIntel
TMP=C:\Users\Dimchik\AppData\Local\Temp
TEMP=C:\Users\Dimchik\AppData\Local\Temp



---------------  S Y S T E M  ---------------

OS:
 Windows 10 , 64 bit Build 19041 (10.0.19041.2913)
OS uptime: 7 days 9:13 hours
Hyper-V role detected

CPU: total 8 (initial active 8) (4 cores per cpu, 2 threads per core) family 6 model 94 stepping 3 microcode 0xea, cx8, cmov, fxsr, ht, mmx, 3dnowpref, sse, sse2, sse3, ssse3, sse4.1, sse4.2, popcnt, lzcnt, tsc, tscinvbit, avx, avx2, aes, erms, clmul, bmi1, bmi2, rtm, adx, fma, vzeroupper, clflush, clflushopt, hv

Memory: 4k page, system-wide physical 16239M (1101M free)
TotalPageFile size 32536M (AvailPageFile size 104M)
current process WorkingSet (physical memory assigned to process): 10M, peak: 10M
current process commit charge ("private bytes"): 60M, peak: 314M

vm_info: OpenJDK 64-Bit Server VM (17.0.5+1-b653.25) for windows-amd64 JRE (17.0.5+1-b653.25), built on 2023-01-04 by "builduser" with MS VC++ 16.10 / 16.11 (VS2019)

END.
